\BOOKMARK [0][-]{chapter.1}{\376\377\000G\000U\000I\000\040\000D\000e\000s\000c\000r\000i\000p\000t\000i\000o\000n\000:\000\040\000C\000o\000m\000p\000l\000e\000t\000e\000\040\000R\000e\000f\000e\000r\000e\000n\000c\000e}{}% 1
\BOOKMARK [1][-]{section.1.1}{\376\377\000M\000a\000i\000n\000\040\000W\000i\000n\000d\000o\000w\000\040\000A\000r\000c\000h\000i\000t\000e\000c\000t\000u\000r\000e}{chapter.1}% 2
\BOOKMARK [2][-]{subsection.1.1.1}{\376\377\000T\000o\000o\000l\000b\000a\000r}{section.1.1}% 3
\BOOKMARK [1][-]{section.1.2}{\376\377\000L\000e\000f\000t\000\040\000S\000i\000d\000e\000b\000a\000r\000:\000\040\000P\000a\000r\000a\000m\000e\000t\000e\000r\000\040\000P\000a\000n\000e\000l}{chapter.1}% 4
\BOOKMARK [2][-]{subsection.1.2.1}{\376\377\000O\000v\000e\000r\000v\000i\000e\000w}{section.1.2}% 5
\BOOKMARK [2][-]{subsection.1.2.2}{\376\377\000C\000o\000m\000p\000l\000e\000t\000e\000\040\000P\000a\000r\000a\000m\000e\000t\000e\000r\000\040\000L\000i\000s\000t\000\040\000w\000i\000t\000h\000\040\000R\000a\000n\000g\000e\000s\000\040\000a\000n\000d\000\040\000M\000e\000a\000n\000i\000n\000g\000s}{section.1.2}% 6
\BOOKMARK [2][-]{subsection.1.2.3}{\376\377\000P\000a\000r\000a\000m\000e\000t\000e\000r\000\040\000D\000a\000t\000a\000\040\000M\000o\000d\000e\000l}{section.1.2}% 7
\BOOKMARK [1][-]{section.1.3}{\376\377\000L\000e\000f\000t\000\040\000S\000i\000d\000e\000b\000a\000r\000:\000\040\000P\000a\000t\000h\000o\000l\000o\000g\000y\000\040\000P\000a\000n\000e\000l}{chapter.1}% 8
\BOOKMARK [2][-]{subsection.1.3.1}{\376\377\000O\000v\000e\000r\000v\000i\000e\000w}{section.1.3}% 9
\BOOKMARK [2][-]{subsection.1.3.2}{\376\377\000A\000v\000a\000i\000l\000a\000b\000l\000e\000\040\000P\000a\000t\000h\000o\000l\000o\000g\000i\000e\000s}{section.1.3}% 10
\BOOKMARK [2][-]{subsection.1.3.3}{\376\377\000P\000a\000t\000h\000o\000l\000o\000g\000y\000\040\000P\000l\000u\000g\000i\000n\000\040\000S\000y\000s\000t\000e\000m}{section.1.3}% 11
\BOOKMARK [2][-]{subsection.1.3.4}{\376\377\000P\000a\000t\000h\000o\000l\000o\000g\000y\000\040\000G\000U\000I\000\040\000I\000n\000t\000e\000r\000a\000c\000t\000i\000o\000n}{section.1.3}% 12
\BOOKMARK [1][-]{section.1.4}{\376\377\000C\000e\000n\000t\000r\000a\000l\000\040\000D\000i\000s\000p\000l\000a\000y\000:\000\040\000E\000C\000G\000\040\000P\000l\000o\000t\000t\000e\000r}{chapter.1}% 13
\BOOKMARK [2][-]{subsection.1.4.1}{\376\377\000O\000v\000e\000r\000v\000i\000e\000w}{section.1.4}% 14
\BOOKMARK [2][-]{subsection.1.4.2}{\376\377\000R\000e\000n\000d\000e\000r\000i\000n\000g\000\040\000P\000a\000r\000a\000m\000e\000t\000e\000r\000s}{section.1.4}% 15
\BOOKMARK [2][-]{subsection.1.4.3}{\376\377\000P\000e\000r\000f\000o\000r\000m\000a\000n\000c\000e\000\040\000C\000o\000n\000s\000i\000d\000e\000r\000a\000t\000i\000o\000n\000s}{section.1.4}% 16
\BOOKMARK [1][-]{section.1.5}{\376\377\000S\000i\000m\000u\000l\000a\000t\000i\000o\000n\000\040\000W\000o\000r\000k\000e\000r\000\040\000T\000h\000r\000e\000a\000d}{chapter.1}% 17
\BOOKMARK [2][-]{subsection.1.5.1}{\376\377\000P\000u\000r\000p\000o\000s\000e}{section.1.5}% 18
\BOOKMARK [1][-]{section.1.6}{\376\377\000D\000a\000t\000a\000\040\000F\000l\000o\000w\000\040\000D\000i\000a\000g\000r\000a\000m}{chapter.1}% 19
\BOOKMARK [0][-]{chapter.2}{\376\377\000D\000e\000t\000a\000i\000l\000e\000d\000\040\000I\000m\000p\000l\000e\000m\000e\000n\000t\000a\000t\000i\000o\000n\000:\000\040\000C\000a\000b\000l\000e\000\040\000E\000n\000g\000i\000n\000e\000\040\000a\000n\000d\000\040\000C\000a\000b\000l\000e\000\040\000M\000o\000d\000e\000l}{}% 20
\BOOKMARK [1][-]{section.2.1}{\376\377\000C\000o\000n\000d\000u\000c\000t\000i\000o\000n\000C\000a\000b\000l\000e\000E\000n\000g\000i\000n\000e\000:\000\040\000C\000o\000m\000p\000l\000e\000t\000e\000\040\000D\000e\000t\000a\000i\000l\000s}{chapter.2}% 21
\BOOKMARK [2][-]{subsection.2.1.1}{\376\377\000O\000v\000e\000r\000v\000i\000e\000w}{section.2.1}% 22
\BOOKMARK [2][-]{subsection.2.1.2}{\376\377\000K\000e\000y\000\040\000A\000t\000t\000r\000i\000b\000u\000t\000e\000s}{section.2.1}% 23
\BOOKMARK [2][-]{subsection.2.1.3}{\376\377\000I\000n\000i\000t\000i\000a\000l\000i\000z\000a\000t\000i\000o\000n\000:\000\040\000i\000n\000i\000t\000i\000a\000l\000i\000z\000e}{section.2.1}% 24
\BOOKMARK [2][-]{subsection.2.1.4}{\376\377\000M\000a\000i\000n\000\040\000S\000i\000m\000u\000l\000a\000t\000i\000o\000n\000\040\000L\000o\000o\000p\000:\000\040\000s\000t\000e\000p}{section.2.1}% 25
\BOOKMARK [2][-]{subsection.2.1.5}{\376\377\000S\000A\000\040\000P\000a\000c\000e\000m\000a\000k\000e\000r\000:\000\040\000\137\000f\000i\000r\000e\000\137\000s\000a}{section.2.1}% 26
\BOOKMARK [2][-]{subsection.2.1.6}{\376\377\000B\000e\000a\000t\000\040\000C\000o\000m\000p\000l\000e\000t\000i\000o\000n\000:\000\040\000\137\000c\000h\000e\000c\000k\000\137\000b\000e\000a\000t\000\137\000c\000o\000m\000p\000l\000e\000t\000i\000o\000n}{section.2.1}% 27
\BOOKMARK [2][-]{subsection.2.1.7}{\376\377\000E\000C\000G\000\040\000C\000o\000m\000p\000u\000t\000a\000t\000i\000o\000n\000:\000\040\000\137\000c\000o\000m\000p\000u\000t\000e\000\137\000e\000c\000g}{section.2.1}% 28
\BOOKMARK [1][-]{section.2.2}{\376\377\000C\000o\000n\000d\000u\000c\000t\000i\000o\000n\000C\000a\000b\000l\000e\0001\000D\000:\000\040\000N\000u\000m\000e\000r\000i\000c\000a\000l\000\040\000D\000e\000t\000a\000i\000l\000s}{chapter.2}% 29
\BOOKMARK [2][-]{subsection.2.2.1}{\376\377\000C\000e\000l\000l\000\040\000C\000o\000n\000f\000i\000g\000u\000r\000a\000t\000i\000o\000n}{section.2.2}% 30
\BOOKMARK [2][-]{subsection.2.2.2}{\376\377\000D\000i\000f\000f\000u\000s\000i\000o\000n\000\040\000C\000o\000e\000f\000f\000i\000c\000i\000e\000n\000t\000s\000\040\000\050\000P\000h\000a\000s\000e\000\040\0003\000-\000D\000\040\000C\000a\000l\000i\000b\000r\000a\000t\000e\000d\000\051}{section.2.2}% 31
\BOOKMARK [2][-]{subsection.2.2.3}{\376\377\000F\000H\000N\000\040\000S\000t\000a\000t\000e\000\040\000V\000a\000r\000i\000a\000b\000l\000e\000s}{section.2.2}% 32
\BOOKMARK [2][-]{subsection.2.2.4}{\376\377\000N\000e\000w\000\040\000B\000e\000a\000t\000:\000\040\000n\000e\000w\000\137\000b\000e\000a\000t}{section.2.2}% 33
\BOOKMARK [2][-]{subsection.2.2.5}{\376\377\000I\000n\000t\000e\000g\000r\000a\000t\000i\000o\000n\000\040\000S\000t\000e\000p\000:\000\040\000a\000d\000v\000a\000n\000c\000e}{section.2.2}% 34
\BOOKMARK [2][-]{subsection.2.2.6}{\376\377\000N\000u\000m\000e\000r\000i\000c\000a\000l\000\040\000I\000n\000t\000e\000g\000r\000a\000t\000i\000o\000n\000\040\000F\000u\000n\000c\000t\000i\000o\000n\000s}{section.2.2}% 35
