\BOOKMARK [1][-]{section.1}{\376\377\000A\000V\000\040\000B\000l\000o\000c\000k\000\040\000S\000y\000n\000d\000r\000o\000m\000e\000\040\000\050\000G\000r\000o\000u\000p\000\040\0001\000:\000\040\000C\000o\000n\000d\000u\000c\000t\000i\000o\000n\000\040\000D\000e\000l\000a\000y\000/\000B\000l\000o\000c\000k\000\051}{}% 1
\BOOKMARK [2][-]{subsection.1.1}{\376\377\000F\000i\000r\000s\000t\000-\000D\000e\000g\000r\000e\000e\000\040\000A\000V\000\040\000B\000l\000o\000c\000k\000\040\000\050\000I\000\260\000\051}{section.1}% 2
\BOOKMARK [3][-]{subsubsection.1.1.1}{\376\377\000C\000l\000i\000n\000i\000c\000a\000l\000\040\000D\000e\000f\000i\000n\000i\000t\000i\000o\000n}{subsection.1.1}% 3
\BOOKMARK [3][-]{subsubsection.1.1.2}{\376\377\000E\000C\000G\000\040\000M\000o\000r\000p\000h\000o\000l\000o\000g\000y}{subsection.1.1}% 4
\BOOKMARK [3][-]{subsubsection.1.1.3}{\376\377\000P\000h\000y\000s\000i\000o\000l\000o\000g\000i\000c\000a\000l\000\040\000C\000a\000u\000s\000e}{subsection.1.1}% 5
\BOOKMARK [3][-]{subsubsection.1.1.4}{\376\377\000C\000l\000i\000n\000i\000c\000a\000l\000\040\000S\000i\000g\000n\000i\000f\000i\000c\000a\000n\000c\000e}{subsection.1.1}% 6
\BOOKMARK [3][-]{subsubsection.1.1.5}{\376\377\000G\000U\000I\000\040\000R\000e\000p\000r\000o\000d\000u\000c\000t\000i\000o\000n\000\040\000S\000t\000e\000p\000s}{subsection.1.1}% 7
\BOOKMARK [2][-]{subsection.1.2}{\376\377\000S\000e\000c\000o\000n\000d\000-\000D\000e\000g\000r\000e\000e\000\040\000A\000V\000\040\000B\000l\000o\000c\000k\000,\000\040\000M\000o\000b\000i\000t\000z\000\040\000T\000y\000p\000e\000\040\000I\000\040\000\050\000W\000e\000n\000c\000k\000e\000b\000a\000c\000h\000\051}{section.1}% 8
\BOOKMARK [3][-]{subsubsection.1.2.1}{\376\377\000E\000C\000G\000\040\000M\000o\000r\000p\000h\000o\000l\000o\000g\000y}{subsection.1.2}% 9
\BOOKMARK [3][-]{subsubsection.1.2.2}{\376\377\000P\000h\000y\000s\000i\000o\000l\000o\000g\000i\000c\000a\000l\000\040\000C\000a\000u\000s\000e}{subsection.1.2}% 10
\BOOKMARK [3][-]{subsubsection.1.2.3}{\376\377\000C\000l\000i\000n\000i\000c\000a\000l\000\040\000S\000i\000g\000n\000i\000f\000i\000c\000a\000n\000c\000e}{subsection.1.2}% 11
\BOOKMARK [3][-]{subsubsection.1.2.4}{\376\377\000G\000U\000I\000\040\000R\000e\000p\000r\000o\000d\000u\000c\000t\000i\000o\000n\000\040\000S\000t\000e\000p\000s}{subsection.1.2}% 12
\BOOKMARK [2][-]{subsection.1.3}{\376\377\000S\000e\000c\000o\000n\000d\000-\000D\000e\000g\000r\000e\000e\000\040\000A\000V\000\040\000B\000l\000o\000c\000k\000,\000\040\000M\000o\000b\000i\000t\000z\000\040\000T\000y\000p\000e\000\040\000I\000I}{section.1}% 13
\BOOKMARK [3][-]{subsubsection.1.3.1}{\376\377\000E\000C\000G\000\040\000M\000o\000r\000p\000h\000o\000l\000o\000g\000y}{subsection.1.3}% 14
\BOOKMARK [3][-]{subsubsection.1.3.2}{\376\377\000P\000h\000y\000s\000i\000o\000l\000o\000g\000i\000c\000a\000l\000\040\000C\000a\000u\000s\000e}{subsection.1.3}% 15
\BOOKMARK [3][-]{subsubsection.1.3.3}{\376\377\000C\000l\000i\000n\000i\000c\000a\000l\000\040\000S\000i\000g\000n\000i\000f\000i\000c\000a\000n\000c\000e}{subsection.1.3}% 16
\BOOKMARK [3][-]{subsubsection.1.3.4}{\376\377\000G\000U\000I\000\040\000R\000e\000p\000r\000o\000d\000u\000c\000t\000i\000o\000n\000\040\000S\000t\000e\000p\000s}{subsection.1.3}% 17
\BOOKMARK [2][-]{subsection.1.4}{\376\377\000T\000h\000i\000r\000d\000-\000D\000e\000g\000r\000e\000e\000\040\000A\000V\000\040\000B\000l\000o\000c\000k\000\040\000\050\000C\000o\000m\000p\000l\000e\000t\000e\000\040\000A\000V\000\040\000B\000l\000o\000c\000k\000\051}{section.1}% 18
\BOOKMARK [3][-]{subsubsection.1.4.1}{\376\377\000E\000C\000G\000\040\000M\000o\000r\000p\000h\000o\000l\000o\000g\000y}{subsection.1.4}% 19
\BOOKMARK [3][-]{subsubsection.1.4.2}{\376\377\000P\000h\000y\000s\000i\000o\000l\000o\000g\000i\000c\000a\000l\000\040\000C\000a\000u\000s\000e}{subsection.1.4}% 20
\BOOKMARK [3][-]{subsubsection.1.4.3}{\376\377\000C\000l\000i\000n\000i\000c\000a\000l\000\040\000S\000i\000g\000n\000i\000f\000i\000c\000a\000n\000c\000e}{subsection.1.4}% 21
\BOOKMARK [3][-]{subsubsection.1.4.4}{\376\377\000G\000U\000I\000\040\000R\000e\000p\000r\000o\000d\000u\000c\000t\000i\000o\000n\000\040\000S\000t\000e\000p\000s}{subsection.1.4}% 22
\BOOKMARK [1][-]{section.2}{\376\377\000B\000u\000n\000d\000l\000e\000\040\000B\000r\000a\000n\000c\000h\000\040\000B\000l\000o\000c\000k\000s\000\040\000\050\000G\000r\000o\000u\000p\000\040\0002\000\051}{}% 23
\BOOKMARK [2][-]{subsection.2.1}{\376\377\000L\000e\000f\000t\000\040\000B\000u\000n\000d\000l\000e\000\040\000B\000r\000a\000n\000c\000h\000\040\000B\000l\000o\000c\000k\000\040\000\050\000L\000B\000B\000B\000\051}{section.2}% 24
\BOOKMARK [3][-]{subsubsection.2.1.1}{\376\377\000E\000C\000G\000\040\000M\000o\000r\000p\000h\000o\000l\000o\000g\000y}{subsection.2.1}% 25
\BOOKMARK [3][-]{subsubsection.2.1.2}{\376\377\000P\000h\000y\000s\000i\000o\000l\000o\000g\000i\000c\000a\000l\000\040\000C\000a\000u\000s\000e}{subsection.2.1}% 26
\BOOKMARK [3][-]{subsubsection.2.1.3}{\376\377\000C\000l\000i\000n\000i\000c\000a\000l\000\040\000S\000i\000g\000n\000i\000f\000i\000c\000a\000n\000c\000e}{subsection.2.1}% 27
\BOOKMARK [3][-]{subsubsection.2.1.4}{\376\377\000G\000U\000I\000\040\000R\000e\000p\000r\000o\000d\000u\000c\000t\000i\000o\000n\000\040\000S\000t\000e\000p\000s}{subsection.2.1}% 28
\BOOKMARK [2][-]{subsection.2.2}{\376\377\000R\000i\000g\000h\000t\000\040\000B\000u\000n\000d\000l\000e\000\040\000B\000r\000a\000n\000c\000h\000\040\000B\000l\000o\000c\000k\000\040\000\050\000R\000B\000B\000B\000\051}{section.2}% 29
\BOOKMARK [3][-]{subsubsection.2.2.1}{\376\377\000E\000C\000G\000\040\000M\000o\000r\000p\000h\000o\000l\000o\000g\000y}{subsection.2.2}% 30
\BOOKMARK [3][-]{subsubsection.2.2.2}{\376\377\000P\000h\000y\000s\000i\000o\000l\000o\000g\000i\000c\000a\000l\000\040\000C\000a\000u\000s\000e}{subsection.2.2}% 31
\BOOKMARK [3][-]{subsubsection.2.2.3}{\376\377\000C\000l\000i\000n\000i\000c\000a\000l\000\040\000S\000i\000g\000n\000i\000f\000i\000c\000a\000n\000c\000e}{subsection.2.2}% 32
\BOOKMARK [3][-]{subsubsection.2.2.4}{\376\377\000G\000U\000I\000\040\000R\000e\000p\000r\000o\000d\000u\000c\000t\000i\000o\000n\000\040\000S\000t\000e\000p\000s}{subsection.2.2}% 33
\BOOKMARK [2][-]{subsection.2.3}{\376\377\000L\000e\000f\000t\000\040\000A\000n\000t\000e\000r\000i\000o\000r\000\040\000F\000a\000s\000c\000i\000c\000u\000l\000a\000r\000\040\000B\000l\000o\000c\000k\000\040\000\050\000L\000A\000H\000B\000\051}{section.2}% 34
\BOOKMARK [3][-]{subsubsection.2.3.1}{\376\377\000E\000C\000G\000\040\000M\000o\000r\000p\000h\000o\000l\000o\000g\000y}{subsection.2.3}% 35
\BOOKMARK [3][-]{subsubsection.2.3.2}{\376\377\000P\000h\000y\000s\000i\000o\000l\000o\000g\000i\000c\000a\000l\000\040\000C\000a\000u\000s\000e}{subsection.2.3}% 36
\BOOKMARK [3][-]{subsubsection.2.3.3}{\376\377\000C\000l\000i\000n\000i\000c\000a\000l\000\040\000S\000i\000g\000n\000i\000f\000i\000c\000a\000n\000c\000e}{subsection.2.3}% 37
\BOOKMARK [3][-]{subsubsection.2.3.4}{\376\377\000G\000U\000I\000\040\000R\000e\000p\000r\000o\000d\000u\000c\000t\000i\000o\000n\000\040\000S\000t\000e\000p\000s}{subsection.2.3}% 38
\BOOKMARK [2][-]{subsection.2.4}{\376\377\000L\000e\000f\000t\000\040\000P\000o\000s\000t\000e\000r\000i\000o\000r\000\040\000F\000a\000s\000c\000i\000c\000u\000l\000a\000r\000\040\000B\000l\000o\000c\000k\000\040\000\050\000L\000P\000H\000B\000\051}{section.2}% 39
\BOOKMARK [3][-]{subsubsection.2.4.1}{\376\377\000E\000C\000G\000\040\000M\000o\000r\000p\000h\000o\000l\000o\000g\000y}{subsection.2.4}% 40
\BOOKMARK [3][-]{subsubsection.2.4.2}{\376\377\000P\000h\000y\000s\000i\000o\000l\000o\000g\000i\000c\000a\000l\000\040\000C\000a\000u\000s\000e}{subsection.2.4}% 41
\BOOKMARK [3][-]{subsubsection.2.4.3}{\376\377\000C\000l\000i\000n\000i\000c\000a\000l\000\040\000S\000i\000g\000n\000i\000f\000i\000c\000a\000n\000c\000e}{subsection.2.4}% 42
\BOOKMARK [3][-]{subsubsection.2.4.4}{\376\377\000G\000U\000I\000\040\000R\000e\000p\000r\000o\000d\000u\000c\000t\000i\000o\000n\000\040\000S\000t\000e\000p\000s}{subsection.2.4}% 43
\BOOKMARK [1][-]{section.3}{\376\377\000S\000i\000n\000u\000s\000\040\000R\000h\000y\000t\000h\000m\000\040\000A\000b\000n\000o\000r\000m\000a\000l\000i\000t\000i\000e\000s\000\040\000\050\000G\000r\000o\000u\000p\000\040\0003\000\051}{}% 44
\BOOKMARK [2][-]{subsection.3.1}{\376\377\000S\000i\000n\000u\000s\000\040\000B\000r\000a\000d\000y\000c\000a\000r\000d\000i\000a}{section.3}% 45
\BOOKMARK [3][-]{subsubsection.3.1.1}{\376\377\000E\000C\000G\000\040\000M\000o\000r\000p\000h\000o\000l\000o\000g\000y}{subsection.3.1}% 46
\BOOKMARK [3][-]{subsubsection.3.1.2}{\376\377\000P\000h\000y\000s\000i\000o\000l\000o\000g\000i\000c\000a\000l\000\040\000C\000a\000u\000s\000e}{subsection.3.1}% 47
\BOOKMARK [3][-]{subsubsection.3.1.3}{\376\377\000C\000l\000i\000n\000i\000c\000a\000l\000\040\000S\000i\000g\000n\000i\000f\000i\000c\000a\000n\000c\000e}{subsection.3.1}% 48
\BOOKMARK [3][-]{subsubsection.3.1.4}{\376\377\000G\000U\000I\000\040\000R\000e\000p\000r\000o\000d\000u\000c\000t\000i\000o\000n\000\040\000S\000t\000e\000p\000s}{subsection.3.1}% 49
\BOOKMARK [2][-]{subsection.3.2}{\376\377\000S\000i\000n\000u\000s\000\040\000T\000a\000c\000h\000y\000c\000a\000r\000d\000i\000a}{section.3}% 50
\BOOKMARK [3][-]{subsubsection.3.2.1}{\376\377\000E\000C\000G\000\040\000M\000o\000r\000p\000h\000o\000l\000o\000g\000y}{subsection.3.2}% 51
\BOOKMARK [3][-]{subsubsection.3.2.2}{\376\377\000P\000h\000y\000s\000i\000o\000l\000o\000g\000i\000c\000a\000l\000\040\000C\000a\000u\000s\000e}{subsection.3.2}% 52
\BOOKMARK [3][-]{subsubsection.3.2.3}{\376\377\000C\000l\000i\000n\000i\000c\000a\000l\000\040\000S\000i\000g\000n\000i\000f\000i\000c\000a\000n\000c\000e}{subsection.3.2}% 53
\BOOKMARK [3][-]{subsubsection.3.2.4}{\376\377\000G\000U\000I\000\040\000R\000e\000p\000r\000o\000d\000u\000c\000t\000i\000o\000n\000\040\000S\000t\000e\000p\000s}{subsection.3.2}% 54
\BOOKMARK [1][-]{section.4}{\376\377\000A\000t\000r\000i\000a\000l\000\040\000A\000r\000r\000h\000y\000t\000h\000m\000i\000a\000s\000\040\000\050\000G\000r\000o\000u\000p\000\040\0004\000\051}{}% 55
\BOOKMARK [2][-]{subsection.4.1}{\376\377\000A\000t\000r\000i\000a\000l\000\040\000F\000i\000b\000r\000i\000l\000l\000a\000t\000i\000o\000n\000\040\000\050\000A\000F\000\051}{section.4}% 56
\BOOKMARK [3][-]{subsubsection.4.1.1}{\376\377\000E\000C\000G\000\040\000M\000o\000r\000p\000h\000o\000l\000o\000g\000y}{subsection.4.1}% 57
\BOOKMARK [3][-]{subsubsection.4.1.2}{\376\377\000P\000h\000y\000s\000i\000o\000l\000o\000g\000i\000c\000a\000l\000\040\000C\000a\000u\000s\000e}{subsection.4.1}% 58
\BOOKMARK [3][-]{subsubsection.4.1.3}{\376\377\000C\000l\000i\000n\000i\000c\000a\000l\000\040\000S\000i\000g\000n\000i\000f\000i\000c\000a\000n\000c\000e}{subsection.4.1}% 59
\BOOKMARK [3][-]{subsubsection.4.1.4}{\376\377\000G\000U\000I\000\040\000R\000e\000p\000r\000o\000d\000u\000c\000t\000i\000o\000n\000\040\000S\000t\000e\000p\000s}{subsection.4.1}% 60
\BOOKMARK [2][-]{subsection.4.2}{\376\377\000P\000r\000e\000m\000a\000t\000u\000r\000e\000\040\000A\000t\000r\000i\000a\000l\000\040\000C\000o\000n\000t\000r\000a\000c\000t\000i\000o\000n\000\040\000\050\000P\000A\000C\000\051}{section.4}% 61
\BOOKMARK [3][-]{subsubsection.4.2.1}{\376\377\000E\000C\000G\000\040\000M\000o\000r\000p\000h\000o\000l\000o\000g\000y}{subsection.4.2}% 62
\BOOKMARK [3][-]{subsubsection.4.2.2}{\376\377\000P\000h\000y\000s\000i\000o\000l\000o\000g\000i\000c\000a\000l\000\040\000C\000a\000u\000s\000e}{subsection.4.2}% 63
\BOOKMARK [3][-]{subsubsection.4.2.3}{\376\377\000C\000l\000i\000n\000i\000c\000a\000l\000\040\000S\000i\000g\000n\000i\000f\000i\000c\000a\000n\000c\000e}{subsection.4.2}% 64
\BOOKMARK [3][-]{subsubsection.4.2.4}{\376\377\000G\000U\000I\000\040\000R\000e\000p\000r\000o\000d\000u\000c\000t\000i\000o\000n\000\040\000S\000t\000e\000p\000s}{subsection.4.2}% 65
\BOOKMARK [1][-]{section.5}{\376\377\000V\000e\000n\000t\000r\000i\000c\000u\000l\000a\000r\000\040\000A\000r\000r\000h\000y\000t\000h\000m\000i\000a\000s\000\040\000\050\000G\000r\000o\000u\000p\000\040\0005\000\051}{}% 66
\BOOKMARK [2][-]{subsection.5.1}{\376\377\000P\000r\000e\000m\000a\000t\000u\000r\000e\000\040\000V\000e\000n\000t\000r\000i\000c\000u\000l\000a\000r\000\040\000C\000o\000n\000t\000r\000a\000c\000t\000i\000o\000n\000\040\000\050\000P\000V\000C\000\051}{section.5}% 67
\BOOKMARK [3][-]{subsubsection.5.1.1}{\376\377\000E\000C\000G\000\040\000M\000o\000r\000p\000h\000o\000l\000o\000g\000y}{subsection.5.1}% 68
\BOOKMARK [3][-]{subsubsection.5.1.2}{\376\377\000P\000h\000y\000s\000i\000o\000l\000o\000g\000i\000c\000a\000l\000\040\000C\000a\000u\000s\000e}{subsection.5.1}% 69
\BOOKMARK [3][-]{subsubsection.5.1.3}{\376\377\000C\000l\000i\000n\000i\000c\000a\000l\000\040\000S\000i\000g\000n\000i\000f\000i\000c\000a\000n\000c\000e}{subsection.5.1}% 70
\BOOKMARK [3][-]{subsubsection.5.1.4}{\376\377\000G\000U\000I\000\040\000R\000e\000p\000r\000o\000d\000u\000c\000t\000i\000o\000n\000\040\000S\000t\000e\000p\000s}{subsection.5.1}% 71
\BOOKMARK [2][-]{subsection.5.2}{\376\377\000R\000e\000p\000e\000t\000i\000t\000i\000v\000e\000\040\000V\000e\000n\000t\000r\000i\000c\000u\000l\000a\000r\000\040\000E\000c\000t\000o\000p\000y}{section.5}% 72
\BOOKMARK [3][-]{subsubsection.5.2.1}{\376\377\000B\000i\000g\000e\000m\000i\000n\000y\000\040\000P\000a\000t\000t\000e\000r\000n}{subsection.5.2}% 73
\BOOKMARK [3][-]{subsubsection.5.2.2}{\376\377\000T\000r\000i\000g\000e\000m\000i\000n\000y\000\040\000P\000a\000t\000t\000e\000r\000n}{subsection.5.2}% 74
\BOOKMARK [3][-]{subsubsection.5.2.3}{\376\377\000G\000U\000I\000\040\000R\000e\000p\000r\000o\000d\000u\000c\000t\000i\000o\000n\000\040\000f\000o\000r\000\040\000B\000i\000g\000e\000m\000i\000n\000y}{subsection.5.2}% 75
