\BOOKMARK [1][-]{section.1}{\376\377\000M\000a\000i\000n\000\040\000W\000i\000n\000d\000o\000w\000\040\000A\000r\000c\000h\000i\000t\000e\000c\000t\000u\000r\000e}{}% 1
\BOOKMARK [2][-]{subsection.1.1}{\376\377\000O\000v\000e\000r\000v\000i\000e\000w}{section.1}% 2
\BOOKMARK [2][-]{subsection.1.2}{\376\377\000C\000o\000n\000t\000r\000o\000l\000\040\000P\000a\000n\000e\000l\000\040\000L\000a\000y\000o\000u\000t}{section.1}% 3
\BOOKMARK [3][-]{subsubsection.1.2.1}{\376\377\000H\000e\000a\000r\000t\000\040\000R\000a\000t\000e\000\040\000\050\000H\000R\000\051\000\040\000C\000o\000n\000t\000r\000o\000l}{subsection.1.2}% 4
\BOOKMARK [3][-]{subsubsection.1.2.2}{\376\377\000S\000i\000m\000u\000l\000a\000t\000i\000o\000n\000\040\000E\000n\000g\000i\000n\000e\000\040\000S\000e\000l\000e\000c\000t\000o\000r}{subsection.1.2}% 5
\BOOKMARK [3][-]{subsubsection.1.2.3}{\376\377\000B\000e\000a\000t\000\040\000C\000o\000n\000t\000r\000o\000l\000\040\000B\000u\000t\000t\000o\000n\000s}{subsection.1.2}% 6
\BOOKMARK [1][-]{section.2}{\376\377\000E\000C\000G\000\040\000D\000i\000s\000p\000l\000a\000y\000\040\000W\000i\000d\000g\000e\000t}{}% 7
\BOOKMARK [2][-]{subsection.2.1}{\376\377\000R\000e\000a\000l\000-\000T\000i\000m\000e\000\040\0001\0002\000-\000L\000e\000a\000d\000\040\000D\000i\000s\000p\000l\000a\000y}{section.2}% 8
\BOOKMARK [2][-]{subsection.2.2}{\376\377\0001\0002\000-\000L\000e\000a\000d\000\040\000O\000r\000g\000a\000n\000i\000z\000a\000t\000i\000o\000n}{section.2}% 9
\BOOKMARK [3][-]{subsubsection.2.2.1}{\376\377\000F\000r\000o\000n\000t\000a\000l\000\040\000L\000e\000a\000d\000s\000\040\000\050\000r\000o\000w\000s\000\040\0001\040\023\0002\000\051}{subsection.2.2}% 10
\BOOKMARK [3][-]{subsubsection.2.2.2}{\376\377\000P\000r\000e\000c\000o\000r\000d\000i\000a\000l\000\040\000L\000e\000a\000d\000s\000\040\000\050\000r\000o\000w\000s\000\040\0003\040\023\0004\000\051}{subsection.2.2}% 11
\BOOKMARK [1][-]{section.3}{\376\377\000P\000a\000r\000a\000m\000e\000t\000e\000r\000\040\000P\000a\000n\000e\000l\000\040\000O\000r\000g\000a\000n\000i\000z\000a\000t\000i\000o\000n}{}% 12
\BOOKMARK [2][-]{subsection.3.1}{\376\377\000S\000t\000r\000u\000c\000t\000u\000r\000e}{section.3}% 13
\BOOKMARK [1][-]{section.4}{\376\377\000C\000o\000m\000p\000l\000e\000t\000e\000\040\000P\000a\000r\000a\000m\000e\000t\000e\000r\000\040\000R\000e\000f\000e\000r\000e\000n\000c\000e\000\040\000\050\0005\0000\000+\000\040\000P\000a\000r\000a\000m\000e\000t\000e\000r\000s\000\051}{}% 14
\BOOKMARK [2][-]{subsection.4.1}{\376\377\000G\000r\000o\000u\000p\000\040\0001\000:\000\040\000S\000A\000\040\000N\000o\000d\000e\000\040\000P\000a\000r\000a\000m\000e\000t\000e\000r\000s}{section.4}% 15
\BOOKMARK [3][-]{subsubsection.4.1.1}{\376\377\000U\000s\000a\000g\000e\000\040\000N\000o\000t\000e\000s}{subsection.4.1}% 16
\BOOKMARK [2][-]{subsection.4.2}{\376\377\000G\000r\000o\000u\000p\000\040\0002\000:\000\040\000A\000V\000\040\000N\000o\000d\000e\000\040\000P\000a\000r\000a\000m\000e\000t\000e\000r\000s}{section.4}% 17
\BOOKMARK [3][-]{subsubsection.4.2.1}{\376\377\000C\000l\000i\000n\000i\000c\000a\000l\000\040\000S\000i\000g\000n\000i\000f\000i\000c\000a\000n\000c\000e}{subsection.4.2}% 18
\BOOKMARK [2][-]{subsection.4.3}{\376\377\000G\000r\000o\000u\000p\000\040\0003\000:\000\040\000H\000i\000s\000\040\000B\000u\000n\000d\000l\000e\000\040\000\046\000\040\000P\000u\000r\000k\000i\000n\000j\000e\000\040\000S\000y\000s\000t\000e\000m}{section.4}% 19
\BOOKMARK [3][-]{subsubsection.4.3.1}{\376\377\000B\000u\000n\000d\000l\000e\000\040\000B\000r\000a\000n\000c\000h\000\040\000B\000l\000o\000c\000k\000\040\000P\000a\000t\000t\000e\000r\000n\000s}{subsection.4.3}% 20
\BOOKMARK [2][-]{subsection.4.4}{\376\377\000G\000r\000o\000u\000p\000\040\0004\000:\000\040\000A\000t\000r\000i\000a\000l\000\040\000C\000o\000n\000d\000u\000c\000t\000i\000o\000n}{section.4}% 21
\BOOKMARK [2][-]{subsection.4.5}{\376\377\000G\000r\000o\000u\000p\000\040\0005\000:\000\040\000V\000e\000n\000t\000r\000i\000c\000u\000l\000a\000r\000\040\000C\000o\000n\000d\000u\000c\000t\000i\000o\000n}{section.4}% 22
\BOOKMARK [3][-]{subsubsection.4.5.1}{\376\377\000Q\000R\000S\000\040\000D\000u\000r\000a\000t\000i\000o\000n\000\040\000F\000o\000r\000m\000u\000l\000a}{subsection.4.5}% 23
\BOOKMARK [2][-]{subsection.4.6}{\376\377\000G\000r\000o\000u\000p\000\040\0006\000:\000\040\000V\000e\000n\000t\000r\000i\000c\000u\000l\000a\000r\000\040\000R\000e\000f\000r\000a\000c\000t\000o\000r\000y\000\040\000P\000e\000r\000i\000o\000d\000s}{section.4}% 24
\BOOKMARK [3][-]{subsubsection.4.6.1}{\376\377\000P\000h\000y\000s\000i\000o\000l\000o\000g\000i\000c\000a\000l\000\040\000B\000a\000s\000i\000s}{subsection.4.6}% 25
\BOOKMARK [2][-]{subsection.4.7}{\376\377\000G\000r\000o\000u\000p\000\040\0007\000:\000\040\000E\000s\000c\000a\000p\000e\000\040\000P\000a\000c\000e\000m\000a\000k\000e\000r}{section.4}% 26
\BOOKMARK [3][-]{subsubsection.4.7.1}{\376\377\000E\000s\000c\000a\000p\000e\000\040\000P\000a\000c\000e\000m\000a\000k\000e\000r\000\040\000M\000e\000c\000h\000a\000n\000i\000s\000m}{subsection.4.7}% 27
\BOOKMARK [2][-]{subsection.4.8}{\376\377\000G\000r\000o\000u\000p\000\040\0008\000:\000\040\000A\000t\000r\000i\000a\000l\000\040\000F\000i\000b\000r\000i\000l\000l\000a\000t\000i\000o\000n}{section.4}% 28
\BOOKMARK [3][-]{subsubsection.4.8.1}{\376\377\000A\000F\000\040\000E\000C\000G\000\040\000C\000h\000a\000r\000a\000c\000t\000e\000r\000i\000s\000t\000i\000c\000s}{subsection.4.8}% 29
\BOOKMARK [2][-]{subsection.4.9}{\376\377\000G\000r\000o\000u\000p\000\040\0009\000:\000\040\000E\000c\000t\000o\000p\000i\000c\000\040\000F\000o\000c\000u\000s}{section.4}% 30
\BOOKMARK [3][-]{subsubsection.4.9.1}{\376\377\000P\000r\000e\000m\000a\000t\000u\000r\000e\000\040\000C\000o\000n\000t\000r\000a\000c\000t\000i\000o\000n\000\040\000T\000y\000p\000e\000s}{subsection.4.9}% 31
\BOOKMARK [2][-]{subsection.4.10}{\376\377\000G\000r\000o\000u\000p\000\040\0001\0000\000:\000\040\000E\000C\000G\000\040\000S\000c\000a\000l\000i\000n\000g}{section.4}% 32
\BOOKMARK [1][-]{section.5}{\376\377\000A\000d\000v\000a\000n\000c\000e\000d\000\040\000C\000o\000n\000t\000r\000o\000l\000s\000\040\000\046\000\040\000D\000e\000b\000u\000g\000\040\000P\000a\000r\000a\000m\000e\000t\000e\000r\000s}{}% 33
\BOOKMARK [2][-]{subsection.5.1}{\376\377\000G\000r\000o\000u\000p\000\040\0001\0001\000:\000\040\000P\000l\000u\000g\000i\000n\000\040\000C\000o\000n\000t\000r\000o\000l\000s}{section.5}% 34
\BOOKMARK [2][-]{subsection.5.2}{\376\377\000G\000r\000o\000u\000p\000\040\0001\0002\000:\000\040\000A\000d\000v\000a\000n\000c\000e\000d\000/\000D\000e\000b\000u\000g}{section.5}% 35
\BOOKMARK [1][-]{section.6}{\376\377\000P\000a\000r\000a\000m\000e\000t\000e\000r\000\040\000A\000d\000j\000u\000s\000t\000m\000e\000n\000t\000\040\000W\000o\000r\000k\000f\000l\000o\000w}{}% 36
\BOOKMARK [2][-]{subsection.6.1}{\376\377\000T\000y\000p\000i\000c\000a\000l\000\040\000U\000s\000e\000\040\000C\000a\000s\000e\000s}{section.6}% 37
\BOOKMARK [3][-]{subsubsection.6.1.1}{\376\377\000S\000c\000e\000n\000a\000r\000i\000o\000\040\0001\000:\000\040\000S\000i\000m\000u\000l\000a\000t\000e\000\040\000N\000o\000r\000m\000a\000l\000\040\000S\000i\000n\000u\000s\000\040\000R\000h\000y\000t\000h\000m}{subsection.6.1}% 38
\BOOKMARK [3][-]{subsubsection.6.1.2}{\376\377\000S\000c\000e\000n\000a\000r\000i\000o\000\040\0002\000:\000\040\000S\000i\000m\000u\000l\000a\000t\000e\000\040\000F\000i\000r\000s\000t\000-\000D\000e\000g\000r\000e\000e\000\040\000A\000V\000\040\000B\000l\000o\000c\000k}{subsection.6.1}% 39
\BOOKMARK [3][-]{subsubsection.6.1.3}{\376\377\000S\000c\000e\000n\000a\000r\000i\000o\000\040\0003\000:\000\040\000S\000i\000m\000u\000l\000a\000t\000e\000\040\000L\000e\000f\000t\000\040\000B\000u\000n\000d\000l\000e\000\040\000B\000r\000a\000n\000c\000h\000\040\000B\000l\000o\000c\000k}{subsection.6.1}% 40
\BOOKMARK [3][-]{subsubsection.6.1.4}{\376\377\000S\000c\000e\000n\000a\000r\000i\000o\000\040\0004\000:\000\040\000S\000i\000m\000u\000l\000a\000t\000e\000\040\000A\000t\000r\000i\000a\000l\000\040\000F\000i\000b\000r\000i\000l\000l\000a\000t\000i\000o\000n}{subsection.6.1}% 41
\BOOKMARK [1][-]{section.7}{\376\377\000R\000e\000a\000l\000-\000T\000i\000m\000e\000\040\000D\000i\000s\000p\000l\000a\000y\000\040\000U\000p\000d\000a\000t\000e\000s}{}% 42
\BOOKMARK [2][-]{subsection.7.1}{\376\377\000R\000e\000f\000r\000e\000s\000h\000\040\000M\000e\000c\000h\000a\000n\000i\000s\000m}{section.7}% 43
\BOOKMARK [2][-]{subsection.7.2}{\376\377\000P\000e\000r\000f\000o\000r\000m\000a\000n\000c\000e\000\040\000N\000o\000t\000e\000s}{section.7}% 44
